<?xml version="1.0" encoding="UTF-8"?>
<!-- Generated by org.testng.reporters.JUnitReportReporter -->
<testsuite hostname="DESKTOP-R1BQD8J" failures="0" tests="1" name="com.api.runner.RunnerApi" time="7.083" errors="1" timestamp="2023-11-03T13:33:10 IST" skipped="0">
  <testcase classname="com.api.runner.RunnerApi" name="runScenario" time="7.083">
    <error type="java.lang.NullPointerException">
      <![CDATA[java.lang.NullPointerException
at io.restassured.path.json.JsonPath.getInt(JsonPath.java:245)
at com.rest_api_page_package.RestApiMethod.extractMethod(RestApiMethod.java:212)
at com.rest_api_stepdeffination.Hit_RestApi_Method.extract_data(Hit_RestApi_Method.java:224)
at ✽.extract the name given response(file:///C:/Users/DELL/eclipse-workspace/Test/Bellatrix/src/test/resources/restApiFeature/api.feature:58)
]]>
    </error>
  </testcase> <!-- runScenario -->
</testsuite> <!-- com.api.runner.RunnerApi -->
